' de DAVID LANNES, ST Magazine nø32.
' GfA Basic 2 & 3, toutes r‚solutions.
'
j=100
SETCOLOR 0,0,0,7
DEFFILL 2,2,8
PELLIPSE 160,100,50,15
ELLIPSE 110,100,35,30,3370,230
DRAW 210,100 TO 235,80 TO 235,120 TO 210,100
FILL 220,100
CIRCLE 130,96,4
GET 110,79,236,121,poisson$
CLS
PRINT AT(5,1);"POISSON D'AVRIL!!!!"
DO
  FOR i=320 DOWNTO -126
    IF i<320 AND i>290 OR i<250 AND i>220 OR i<190 AND i>150 OR i<120 AND i>90 OR i<60 AND i>30 OR i<0 AND i>-30 OR i<-60 AND i>-90 OR i<-120 AND i>-130
      INC j
    ELSE
      DEC j
    ENDIF
    PUT i,j,poisson$
  NEXT i
LOOP
