' ST Magazine nø32.
' GfA Basic 2 & 3, basse r‚solution.
'
SETCOLOR 0,&H0
COLOR 7
DRAW 159,0 TO 159,99 TO 79,200 TO 239,200 TO 159,99
COLOR 4
DRAW 159,0 TO 0,99 TO 159,200 TO 319,99 TO 159,0
REPEAT
  FOR i&=0 TO 220
  NEXT i&
  SLPOKE &HFF8248,&H1000001
  SLPOKE &HFF8248,&H2000002
  SLPOKE &HFF8248,&H3000003
  SLPOKE &HFF8248,&H4000004
  SLPOKE &HFF8248,&H5000005
  SLPOKE &HFF8248,&H4000004
  SLPOKE &HFF8248,&H3000003
  SLPOKE &HFF8248,&H2000002
  SLPOKE &HFF8248,&H1000001
  SLPOKE &HFF8248,&H0
UNTIL MOUSEK
' Auteur: ROUGIER Nicolas
' ANimation Peace & love
