' PUNCH STMAG EN 3D. ST Magazine nø32.
' GfA Basic 3, toutes r‚solutions (de pr‚f‚rence basse).
'
SETCOLOR 4,&H700
SETCOLOR 12,&H7
SETCOLOR 0,&H0
skx=0.3
cx=0.05
REPEAT
  CLS
  DRAW "sx",skx,"SY",0.3,"MA",159,99,"TT",gr
  COLOR 4
  DRAW "PURT180FD100PDFD40RT90FD20RT90FD40LT90"
  DRAW "FD20LT90FD40LT180PUFD70PDRT90FD40RT90FD20RT180FD40"
  COLOR 12
  DRAW "PUFD20LT90FD40PDRT180FD40LT135FD20RT90"
  DRAW "FD20LT135FD40RT90PUFD10PDRT65FD45LT120"
  DRAW "FD45LT125FD40RT180PUFD50PDFD40RT90FD20"
  DRAW "RT90FD20RT180FD20RT90PUFD20RT90PDFD40RT90FD40"
  ADD skx,cx
  IF skx>0.3 OR skx<-0.3
    MUL cx,-1
  ENDIF
  ADD gr,3
UNTIL INKEY$<>""
EDIT
