' ST Magazine nø34.
' COUPARD Pierre.
' GfA Basic 2 & 3, haute r‚solution.
'
DRAW 630,185 TO 630,130 TO 611,125 TO 611,120 TO 615,115 TO 615,102 TO 610,97 TO 598,97 TO 593,102 TO 593,115 TO 597,120 TO 597,125 TO 578,130 TO 578,185 TO 585,195
DRAW 585,195 TO 590,290 TO 617,290 TO 623,195 TO 630,185 TO 623,195 TO 617,290 TO 604,290 TO 604,295 TO 635,295 TO 635,92 TO 573,92 TO 573,295 TO 604,295
CIRCLE 613,147,10
GET 573,92,639,295,cible$
DEFMOUSE 7
FOR n%=575 TO 0 STEP -4
  PUT n%,92,cible$
  SOUND 1,15,0,-1
  IF MOUSEK=0 AND x%<>0 AND tir%<6
    WAVE 8,0
    INC tir%
    IF MOUSEX>n% AND MOUSEX<n%+62 AND MOUSEY>93 AND MOUSEY<294
      ADD score%,(SQR((((n%+40)-MOUSEX)^2)+((147-MOUSEY)^2))*-1)+148
      PRBOX MOUSEX,MOUSEY,MOUSEX+2,MOUSEY+2
      GET n%,92,n%+66,295,cible$
    ENDIF
  ENDIF
  x%=MOUSEK
NEXT n%
PRINT AT(1,1);"Votre score est de ";score%;"/888 pts ..."
