' ST MAGAZINE 35
' BASSE RESOLUTION
' GFA 2.0
' PRINST
'
xf=10
yf=10
x|=2
y|=2
PRINT AT(1,1);"**************";AT(1,2);"*.........**.*";AT(1,3);"*.******.....*";AT(1,4);"*.*....***.*.*";AT(1,5);"*.*....*...*.*";AT(1,6);"*......*...*.*";AT(1,7);"*.*....*...*.*";AT(1,8);"*.**.****.**.*";AT(1,9);"*...*.*....*.*"
PRINT AT(1,10);"*.*.*......*.*";AT(1,11);"*.*...*....*.*";AT(1,12);"*.**********.*";AT(1,13);"*............*";AT(1,14);"**************"
REPEAT
  PRINT AT(x|,y|);" ";AT(xf,yf);" "
  a$=INKEY$
  x|=x|-((a$="a")*(POINT(x|*8-12,y|*8-4)=0))+((a$="z")*(POINT(x|*8+4,y|*8-4)=0))
  y|=y|-((a$="p")*(POINT(x|*8-4,y|*8-12)=0))+((a$="l")*(POINT(x|*8-4,y|*8+4)=0))
  xf=xf-((x|<xf)*(POINT(xf*8-12,yf*8-4)=0))+((x|>xf)*(POINT(xf*8+4,yf*8-4)=0))
  yf=yf-((y|<yf)*(POINT(xf*8-4,yf*8-12)=0))+((y|>yf)*(POINT(xf*8-4,yf*8+4)=0))
  sc=sc-(POINT(x|*8-5,y|*8-2)<>0)
  scn=scn-(POINT(xf*8-5,yf*8-2)<>0)
  PRINT AT(x|,y|);"O";AT(20,10);"score:";sc;"  ";AT(xf,yf);"A";AT(20,12);"score fantome:";scn;AT(20,14);"score total:";sc-scn;"   "
UNTIL x|=xf AND y|=yf OR sc+scn=94
ALERT 1,"vous avez un score de|:"+STR$(sc),1,"the END",a
EDIT
