' ST MAGAZINE 35
' BASSE RESOLUTION
' GFA 3.0
' MICHEL GOUX
' Conversion d'une image DEGAS/DEGAS ELITE 16 couleurs
' en une image 8 niveaux de gris.
'
DIM lu(15,2)
FILESELECT "\*.PI1","",nm$
BLOAD nm$,XBIOS(2)-34
VOID XBIOS(6,L:XBIOS(2)-32)
FOR n%=0 TO 15
  c$=HEX$(DPEEK(XBIOS(2)-32+n%*2))
  lu(n%,1)=n%
  lu(n%,2)=0.3*VAL(LEFT$(c$+STRING$(3-LEN(c$),"0"),1))+0.59*VAL(MID$(c$+STRING$(3-LEN(c$),"0"),2,1))+0.11*VAL(RIGHT$(c$+STRING$(3-LEN(c$),"0"),1))
NEXT n%
FOR t%=0 TO 15
  FOR n%=0 TO 14
    IF lu(n%+1,2)>lu(n%,2)
      SWAP lu(n%+1,2),lu(n%,2)
      SWAP lu(n%+1,1),lu(n%,1)
    ENDIF
  NEXT n%
NEXT t%
FOR n%=0 TO 15
  SETCOLOR lu(n%,1),VAL("&h"+MID$("777777666666555555444444333333222222111111000000",n%*3+1,3))
NEXT n%
~INP(2)
