' Auteur: Denis Cauchefer
' ST Magazine nø26.
' Compilez ce listing GfA, et placez-le dans un dossier AUTO.
' Avant de le lancer, sauvegardez le bureau en basse r‚solution,
' puis renommez DESKTOP.INF en DESKTOP.LOW.
' Passez en moyenne r‚solution et sauvegardez … nouveau le bureau.
' C'est prˆt, vous pourrez d‚sormais s‚lectionner dŠs le boot
' la r‚solution de travail...
' GfA 2 & 3, uniquement pour les moniteurs couleur!
'
IF XBIOS(4)<>2
  PRINT AT(1,1);"0 -> Basse R‚solution"
  PRINT AT(1,3);"1 -> Moyenne R‚solution"
  PRINT AT(1,5);"2 -> Mode 60Hz pour moniteurs"
  REPEAT
    w=INP(2)
    IF x=50
      SPOKE &HFFFF820A,0
    ENDIF
  UNTIL x=49 OR x=48
  IF x=48 AND EXIST("Desktop.low")
    NAME "DESKTOP.INF" AS "DESKTOP.MID"
    NAME "DESKTOP.LOW" AS "DESKTOP.INF"
  ENDIF
  IF x=49 AND EXIST("DESKTOP.MID")
    NAME "DESKTOP.INF" AS "DESKTOP.LOW"
    NAME "DESKTOP.MID" AS "DESKTOP.INF"
  ENDIF
ENDIF
