' ST Magazine nø34.
' CARPENTIER Jean No‰l
' GfA Basic 3, basse r‚solution.
'
BLOAD "A:\TAHITI01.PI1",XBIOS(2)-34
VOID XBIOS(6,L:XBIOS(2)-32)
BMOVE XBIOS(2),XBIOS(2)-22000,10000 !sauvegarde du haut de l'image
REPEAT
  MOUSE x&,y&,k&
  l&=0                            !loupe en X=0
  IF x&<160
    l&=260                        !loupe en X=260
  ENDIF
  IF x&<>MOUSEX OR y&<>MOUSEY     !si la souris a boug‚
    FOR i=0 TO 29 STEP 0.5        !agrandissement sur les X
      RC_COPY XBIOS(2),(x&-30)+i,y&-15,1,29 TO XBIOS(2)-12000,i*2,0
    NEXT i
    BMOVE XBIOS(2)-22000,XBIOS(2),10000 !restauration du haut de l'image
    FOR i=0 TO 28.5 STEP 0.5      !agrandissement sur les Y et affichage
      RC_COPY XBIOS(2)-12000,0,i,59,1 TO XBIOS(2),l&,i*2
    NEXT i
    BOX l&,0,l&+59,58             !contour de la loupe (‡a fait plus clean!)
  ENDIF
UNTIL k&=2                        !bouton droit de la souris
