' ST MAGAZINE 35
' BASSE RESOLUTION
' GFA 3.0
' PRINST
'
c$=MKI$(&H0)+MKI$(&H111)+MKI$(&H222)+MKI$(&H333)+MKI$(&H444)+MKI$(&H555)+MKI$(&H666)+MKI$(&H777)+MKI$(&H711)+MKI$(&H722)+MKI$(&H733)+MKI$(&H744)+MKI$(&H755)+MKI$(&H766)+MKI$(&H777)+MKI$(&H555)
~XBIOS(6,L:V:c$)
DIM x(100),y(100),avx(100),avy(100),c|(100)
FOR t|=1 TO 50
  c|(t|)=INT(RND*15)+1
NEXT t|
DO
  FOR t|=1 TO 50
    PSET x(t|),y(t|),0
    ADD x(t|),avx(t|)
    ADD y(t|),avy(t|)
    IF x(t|)<1 OR x(t|)>319 OR y(t|)<1 OR y(t|)>199
      avx(t|)=RND*10-5
      avy(t|)=RND*10-5
      x(t|)=MOUSEX
      y(t|)=MOUSEY
    ENDIF
    PSET x(t|),y(t|),c|(t|)
  NEXT t|
LOOP
