' ST MAGAZINE 35
' BASSE RESOLUTION
' GFA 3.0
' PRINST
'
SETCOLOR 0,0
v|=3                  !vitesse
c|=20                 ! decalement entre S & T
y2|=c|
CLS
DEFTEXT 4,12,0,16
TEXT 10,50,"ATARI"
TEXT 10,179,"PUNCH POUR ST MAG"
SGET im$
DO
  y0|=(-y0|+v|)*(sens!=-1)+(-y0|-v|)*(sens!=0)
  sens!=sens!+(-1*(y0|<v| OR y0|>100-v|))
  y2|=(-y2|+v|)*(sens2!=-1)+(-y2|-v|)*(sens2!=0)
  sens2!=sens2!+(-1*(y2|<v| OR y2|>100-v|))
  SPUT im$
  COLOR 12
  DRAW 200,y0| TO 100,y0| TO 100,50 TO 200,50 TO 200,100-y0| TO 100,100-y0|
  DRAW 202,y2| TO 250,y2| TO 245,100-y2| TO 255,100-y2| TO 250,y2| TO 298,y2|
  PAUSE 1
LOOP
