' ST MAGAZINE 35
' TOUTES RESOLUTIONS
' GFA 2.0
' PIERRE COUPARD
'
INPUT "Aussi sur l'imprimante (O/N) ";choix$
PRINT AT(1,1);"         Po‚sies bizarres par Pierre COUPARD .                                                            "
DIM a$(6),b$(6,3)
FOR i%=0 TO 6
  FOR j%=0 TO 3
    READ b$(i%,j%)
  NEXT j%
NEXT i%
FOR i%=0 TO 6
  READ a$(i%)
NEXT i%
i:
FOR n%=0 TO 6
  IF choix$="o" OR choix$="O"
    LPRINT a$(n%)'b$(n%,INT(RND*4))
  ENDIF
  PRINT a$(n%)'b$(n%,INT(RND*4))
NEXT n%
DATA BEAUJOLAIS,VIVARAIS,MACONNAIS,CHAROLAIS,SE MIT,INTRODUISIT,PERDIT,SE PRIT,LA TETE,UN CHIEN,SA MAIN,LE PIED,UN DAIS,UNE TAIE,L'IVRAIE,UN TRAIT,IL SE SAUVA,IL L'ENVOYA,IL CHERCHA,IL TOMBA,A L'INFINI,SANS FAIRE DE BRUIT,ABASOURDI,C'ETAIT ECRIT
DATA OU IL ETAIT.,OU IL ALLAIT.,CE QUI ARRIVAIT.,CE QUI SE PASSAIT., C'ETAIT UN JEUNE HOMME DU, QUI,, DANS, UN SOIR A LA NUIT,, IL NE SUT JAMAIS
